<?xml version="1.0" encoding="UTF-8"?>
<!-- Generated by org.testng.reporters.JUnitReportReporter -->
<testsuite skipped="12" hostname="claudiu" name="tests.SmokeTests" tests="13" failures="0" timestamp="29 May 2020 13:31:31 GMT" time="24.735" errors="0">
  <testcase name="setCommission" time="24.735" classname="tests.SmokeTests"/>
  <testcase name="adjustAdd_inventory" classname="tests.SmokeTests">
    <skipped/>
  </testcase> <!-- adjustAdd_inventory -->
  <testcase name="add_new_coupon" classname="tests.SmokeTests">
    <skipped/>
  </testcase> <!-- add_new_coupon -->
  <testcase name="medium_Management" classname="tests.SmokeTests">
    <skipped/>
  </testcase> <!-- medium_Management -->
  <testcase name="shipping_method" classname="tests.SmokeTests">
    <skipped/>
  </testcase> <!-- shipping_method -->
  <testcase name="orderHour" classname="tests.SmokeTests">
    <skipped/>
  </testcase> <!-- orderHour -->
  <testcase name="send_CSRInvitation" classname="tests.SmokeTests">
    <skipped/>
  </testcase> <!-- send_CSRInvitation -->
  <testcase name="send_CompounderInvitation" classname="tests.SmokeTests">
    <skipped/>
  </testcase> <!-- send_CompounderInvitation -->
  <testcase name="addNewPatient" classname="tests.SmokeTests">
    <skipped/>
  </testcase> <!-- addNewPatient -->
  <testcase name="invalidCredentials" classname="tests.SmokeTests">
    <skipped/>
  </testcase> <!-- invalidCredentials -->
  <testcase name="send_AdminInvitation" classname="tests.SmokeTests">
    <skipped/>
  </testcase> <!-- send_AdminInvitation -->
  <testcase name="adjustRemove_inventory" classname="tests.SmokeTests">
    <skipped/>
  </testcase> <!-- adjustRemove_inventory -->
  <testcase name="receive_inventory" classname="tests.SmokeTests">
    <skipped/>
  </testcase> <!-- receive_inventory -->
</testsuite> <!-- tests.SmokeTests -->
