<?xml version="1.0" encoding="UTF-8"?>
<!-- Generated by org.testng.reporters.JUnitReportReporter -->
<testsuite skipped="0" hostname="claudiupc" name="tests.Orders" tests="1" failures="0" timestamp="18 Feb 2020 15:55:43 GMT" time="13.306" errors="0">
  <testcase name="orderHour" time="13.306" classname="tests.Orders"/>
</testsuite> <!-- tests.Orders -->
