<?xml version="1.0" encoding="UTF-8"?>
<!-- Generated by org.testng.reporters.JUnitReportReporter -->
<testsuite skipped="0" hostname="claudiupc" name="tests.Imports" tests="12" failures="0" timestamp="11 Feb 2020 12:50:21 GMT" time="365.194" errors="0">
  <testcase name="import_ChineseNames" time="31.397" classname="tests.Imports"/>
  <testcase name="import_ChineseNames" time="29.807" classname="tests.Imports"/>
  <testcase name="patient_import" time="31.672" classname="tests.Imports"/>
  <testcase name="patient_import" time="25.652" classname="tests.Imports"/>
  <testcase name="terms_and_conditions_upload" time="31.219" classname="tests.Imports"/>
  <testcase name="terms_and_conditions_upload" time="33.230" classname="tests.Imports"/>
  <testcase name="general_LogoUpload" time="30.308" classname="tests.Imports"/>
  <testcase name="general_LogoUpload" time="29.292" classname="tests.Imports"/>
  <testcase name="upload_logo" time="26.043" classname="tests.Imports"/>
  <testcase name="upload_logo" time="28.109" classname="tests.Imports"/>
  <testcase name="upload_certificate" time="33.225" classname="tests.Imports"/>
  <testcase name="upload_certificate" time="35.240" classname="tests.Imports"/>
</testsuite> <!-- tests.Imports -->
