<?xml version="1.0" encoding="UTF-8"?>
<!-- Generated by org.testng.reporters.JUnitReportReporter -->
<testsuite skipped="2" hostname="claudiupc" name="tests.LoginTest" tests="3" failures="0" timestamp="29 Jan 2020 17:04:17 GMT" time="62.884" errors="0">
  <testcase name="assert_LateOrder" time="62.884" classname="tests.LoginTest"/>
  <testcase name="orderHour" classname="tests.LoginTest">
    <skipped/>
  </testcase> <!-- orderHour -->
  <testcase name="doLogin" classname="tests.LoginTest">
    <skipped/>
  </testcase> <!-- doLogin -->
</testsuite> <!-- tests.LoginTest -->
